#
# A fatal error has been detected by the Java Runtime Environment:
#
#  EXCEPTION_ACCESS_VIOLATION (0xc0000005) at pc=0x00000000026acc9f, pid=6004, tid=6372
#
# JRE version: 7.0_03-b05
# Java VM: Java HotSpot(TM) 64-Bit Server VM (22.1-b02 mixed mode windows-amd64 compressed oops)
# Problematic frame:
# j  com.eskis.gis2.Analyser.Analyser.constructCities()V+42
#
# Failed to write core dump. Minidumps are not enabled by default on client versions of Windows
#
# If you would like to submit a bug report, please visit:
#   http://bugreport.sun.com/bugreport/crash.jsp
#

---------------  T H R E A D  ---------------

Current thread (0x000000000919e800):  JavaThread "AWT-EventQueue-0" [_thread_in_Java, id=6372, stack(0x000000000b470000,0x000000000b570000)]

siginfo: ExceptionCode=0xc0000005, reading address 0x000000077cd88868

Registers:
RAX=0x00000007dba114f8, RBX=0x000000000003280c, RCX=0x000000077cbf47d8, RDX=0x000000000919e800
RSP=0x000000000b56cfd8, RBP=0x000000000b56d048, RSI=0x00000000ef962e2c, RDI=0x00000000026860d8
R8 =0x0000000000000000, R9 =0x0000000000000000, R10=0x00000000613a3060, R11=0x000000000811ff10
R12=0x0000000000000000, R13=0x000000077cbf2bd2, R14=0x000000000b56d098, R15=0x000000000919e800
RIP=0x00000000026acc9f, EFLAGS=0x0000000000010206

Top of Stack: (sp=0x000000000b56cfd8)
0x000000000b56cfd8:   00000007db3eece8 0000000780c19e68
0x000000000b56cfe8:   00000007dbd224f8 00000007dbd224f8
0x000000000b56cff8:   00000007dbd224d8 00000007dbd224d8
0x000000000b56d008:   000000000b56d008 000000077cbf2bd2
0x000000000b56d018:   000000000b56d098 000000077cbf47d8
0x000000000b56d028:   0000000000000000 000000077cbf2cb8
0x000000000b56d038:   0000000000000000 000000000b56d098
0x000000000b56d048:   000000000b56d0e0 00000000026860d8
0x000000000b56d058:   0000000000000000 0000000000000000
0x000000000b56d068:   0000000000000000 0000000000000000
0x000000000b56d078:   0000000000000000 0000000000000000
0x000000000b56d088:   0000000780c19e68 000000078135a688
0x000000000b56d098:   00000007dba114f8 000000000b56d0a0
0x000000000b56d0a8:   000000077cbedc05 000000000b56d0f8
0x000000000b56d0b8:   000000077cbf47d8 0000000000000000
0x000000000b56d0c8:   000000077cbedc80 000000000b56d098 

Instructions: (pc=0x00000000026acc9f)
0x00000000026acc7f:   84 05 00 00 00 e9 e7 37 fd ff 4c 8b 6d c8 4c 8b
0x00000000026acc8f:   75 d0 c3 58 41 0f b7 5d 01 48 8b 4d d8 c1 e3 02
0x00000000026acc9f:   48 8b 5c d9 30 48 3b 00 8b 04 18 48 c1 e0 03 41
0x00000000026accaf:   0f b6 5d 03 49 83 c5 03 49 ba 60 70 3a 61 00 00 


Register to memory mapping:

RAX=0x00000007dba114f8 is an oop
com.eskis.gis2.Analyser.Analyser 
 - klass: 'com/eskis/gis2/Analyser/Analyser'
RBX=0x000000000003280c is an unknown value
RCX=0x000000077cbf47d8 is an oop
{constant pool cache} 
 - klass: {other class}
RDX=0x000000000919e800 is a thread
RSP=0x000000000b56cfd8 is pointing into the stack for thread: 0x000000000919e800
RBP=0x000000000b56d048 is pointing into the stack for thread: 0x000000000919e800
RSI=0x00000000ef962e2c is an unknown value
RDI=0x00000000026860d8 is an Interpreter codelet
return entry points  [0x0000000002685700, 0x0000000002687500]  7680 bytes
R8 =0x0000000000000000 is an unknown value
R9 =0x0000000000000000 is an unknown value
R10=0x00000000613a3060 is an unknown value
R11=0x000000000811ff10 is an unknown value
R12=0x0000000000000000 is an unknown value
R13=0x000000077cbf2bd2 is an oop
{constMethod} 
 - klass: {other class}
 - method:       0x000000077cbf2cb8 {method} 'constructCities' '()V' in 'com/eskis/gis2/Analyser/Analyser'
 - exceptions:   0x000000077b201d40
bci_from(000000077CBF2BD2) = 42; print_codes():
R14=0x000000000b56d098 is pointing into the stack for thread: 0x000000000919e800
R15=0x000000000919e800 is a thread


Stack: [0x000000000b470000,0x000000000b570000],  sp=0x000000000b56cfd8,  free space=1011k
Native frames: (J=compiled Java code, j=interpreted, Vv=VM code, C=native code)
j  com.eskis.gis2.Analyser.Analyser.constructCities()V+42
j  com.eskis.gis2.Analyser.Analyser.analyze()V+5
j  com.eskis.gis2.GUI.GUI.jButton1ActionPerformed(Ljava/awt/event/ActionEvent;)V+17
j  com.eskis.gis2.GUI.GUI.access$000(Lcom/eskis/gis2/GUI/GUI;Ljava/awt/event/ActionEvent;)V+2
j  com.eskis.gis2.GUI.GUI$1.actionPerformed(Ljava/awt/event/ActionEvent;)V+5
j  javax.swing.AbstractButton.fireActionPerformed(Ljava/awt/event/ActionEvent;)V+84
j  javax.swing.AbstractButton$Handler.actionPerformed(Ljava/awt/event/ActionEvent;)V+5
j  javax.swing.DefaultButtonModel.fireActionPerformed(Ljava/awt/event/ActionEvent;)V+35
j  javax.swing.DefaultButtonModel.setPressed(Z)V+117
j  javax.swing.plaf.basic.BasicButtonListener.mouseReleased(Ljava/awt/event/MouseEvent;)V+35
j  java.awt.Component.processMouseEvent(Ljava/awt/event/MouseEvent;)V+64
j  javax.swing.JComponent.processMouseEvent(Ljava/awt/event/MouseEvent;)V+23
j  java.awt.Component.processEvent(Ljava/awt/AWTEvent;)V+81
j  java.awt.Container.processEvent(Ljava/awt/AWTEvent;)V+18
j  java.awt.Component.dispatchEventImpl(Ljava/awt/AWTEvent;)V+581
j  java.awt.Container.dispatchEventImpl(Ljava/awt/AWTEvent;)V+42
j  java.awt.Component.dispatchEvent(Ljava/awt/AWTEvent;)V+2
j  java.awt.LightweightDispatcher.retargetMouseEvent(Ljava/awt/Component;ILjava/awt/event/MouseEvent;)V+327
j  java.awt.LightweightDispatcher.processMouseEvent(Ljava/awt/event/MouseEvent;)Z+139
j  java.awt.LightweightDispatcher.dispatchEvent(Ljava/awt/AWTEvent;)Z+50
j  java.awt.Container.dispatchEventImpl(Ljava/awt/AWTEvent;)V+12
j  java.awt.Window.dispatchEventImpl(Ljava/awt/AWTEvent;)V+19
j  java.awt.Component.dispatchEvent(Ljava/awt/AWTEvent;)V+2
j  java.awt.EventQueue.dispatchEventImpl(Ljava/awt/AWTEvent;Ljava/lang/Object;)V+41
j  java.awt.EventQueue.access$000(Ljava/awt/EventQueue;Ljava/awt/AWTEvent;Ljava/lang/Object;)V+3
j  java.awt.EventQueue$3.run()Ljava/lang/Void;+12
j  java.awt.EventQueue$3.run()Ljava/lang/Object;+1
v  ~StubRoutines::call_stub


---------------  P R O C E S S  ---------------

Java Threads: ( => current thread )
  0x000000000bdd6000 JavaThread "TimerQueue" daemon [_thread_blocked, id=3680, stack(0x000000000e370000,0x000000000e470000)]
  0x000000000bdd7000 JavaThread "DestroyJavaVM" [_thread_blocked, id=3276, stack(0x0000000002580000,0x0000000002680000)]
  0x000000000bac3800 JavaThread "Thread-3" daemon [_thread_blocked, id=2360, stack(0x000000000de20000,0x000000000df20000)]
  0x000000000959a000 JavaThread "WeakCollectionCleaner" daemon [_thread_blocked, id=7884, stack(0x000000000dd10000,0x000000000de10000)]
  0x000000000bb24000 JavaThread "D3D Screen Updater" daemon [_thread_blocked, id=8808, stack(0x000000000d3a0000,0x000000000d4a0000)]
  0x000000000bb2b000 JavaThread "pool-1-thread-1" [_thread_blocked, id=8228, stack(0x000000000d170000,0x000000000d270000)]
  0x0000000009333000 JavaThread "org.netbeans.modules.debugger.jpda.visual AWT Access Loop" daemon [_thread_blocked, id=8792, stack(0x000000000b5e0000,0x000000000b6e0000)]
=>0x000000000919e800 JavaThread "AWT-EventQueue-0" [_thread_in_Java, id=6372, stack(0x000000000b470000,0x000000000b570000)]
  0x00000000082d9000 JavaThread "AWT-Windows" daemon [_thread_in_native, id=7576, stack(0x0000000008650000,0x0000000008750000)]
  0x00000000082d4000 JavaThread "AWT-Shutdown" [_thread_blocked, id=4272, stack(0x0000000008480000,0x0000000008580000)]
  0x000000000806c800 JavaThread "Java2D Disposer" daemon [_thread_blocked, id=7632, stack(0x0000000008330000,0x0000000008430000)]
  0x000000000657b000 JavaThread "Service Thread" daemon [_thread_blocked, id=2952, stack(0x0000000007c30000,0x0000000007d30000)]
  0x0000000006570800 JavaThread "C2 CompilerThread1" daemon [_thread_blocked, id=5804, stack(0x0000000007af0000,0x0000000007bf0000)]
  0x000000000656d000 JavaThread "C2 CompilerThread0" daemon [_thread_blocked, id=7836, stack(0x00000000079c0000,0x0000000007ac0000)]
  0x0000000006560000 JavaThread "JDWP Command Reader" daemon [_thread_in_native, id=5288, stack(0x00000000078a0000,0x00000000079a0000)]
  0x000000000655f800 JavaThread "JDWP Event Helper Thread" daemon [_thread_blocked, id=8168, stack(0x00000000076f0000,0x00000000077f0000)]
  0x0000000006550000 JavaThread "JDWP Transport Listener: dt_socket" daemon [_thread_blocked, id=7924, stack(0x0000000007550000,0x0000000007650000)]
  0x0000000006547000 JavaThread "Attach Listener" daemon [_thread_blocked, id=3344, stack(0x0000000006f30000,0x0000000007030000)]
  0x0000000006542000 JavaThread "Signal Dispatcher" daemon [_thread_blocked, id=6428, stack(0x0000000007030000,0x0000000007130000)]
  0x000000000228b000 JavaThread "Finalizer" daemon [_thread_blocked, id=6408, stack(0x0000000006df0000,0x0000000006ef0000)]
  0x0000000002284000 JavaThread "Reference Handler" daemon [_thread_blocked, id=3336, stack(0x0000000006b90000,0x0000000006c90000)]

Other Threads:
  0x000000000227b000 VMThread [stack: 0x00000000069e0000,0x0000000006ae0000] [id=5196]
  0x00000000065ba800 WatcherThread [stack: 0x0000000007e00000,0x0000000007f00000] [id=8356]

VM state:not at safepoint (normal execution)

VM Mutex/Monitor currently owned by a thread: None

Heap
 PSYoungGen      total 171712K, used 106885K [0x00000007d56b0000, 0x00000007e0bc0000, 0x0000000800000000)
  eden space 158528K, 67% used [0x00000007d56b0000,0x00000007dbef97d0,0x00000007df180000)
  from space 13184K, 0% used [0x00000007dfee0000,0x00000007dfef8000,0x00000007e0bc0000)
  to   space 13440K, 0% used [0x00000007df180000,0x00000007df180000,0x00000007dfea0000)
 PSOldGen        total 87232K, used 17740K [0x0000000780400000, 0x0000000785930000, 0x00000007d56b0000)
  object space 87232K, 20% used [0x0000000780400000,0x00000007815533f0,0x0000000785930000)
 PSPermGen       total 26624K, used 26606K [0x000000077b200000, 0x000000077cc00000, 0x0000000780400000)
  object space 26624K, 99% used [0x000000077b200000,0x000000077cbfb940,0x000000077cc00000)

Code Cache  [0x0000000002680000, 0x0000000002940000, 0x0000000005680000)
 total_blobs=1281 nmethods=710 adapters=530 free_code_cache=46521Kb largest_free_block=47496640

Dynamic libraries:
0x000000013f660000 - 0x000000013f693000 	C:\Program Files\Java\jdk1.7.0_03\bin\java.exe
0x00000000779e0000 - 0x0000000077b89000 	C:\Windows\SYSTEM32\ntdll.dll
0x00000000778c0000 - 0x00000000779df000 	C:\Windows\system32\kernel32.dll
0x000007fefe1a0000 - 0x000007fefe20c000 	C:\Windows\system32\KERNELBASE.dll
0x000007feffa90000 - 0x000007feffb6b000 	C:\Windows\system32\ADVAPI32.dll
0x000007fefe2b0000 - 0x000007fefe34f000 	C:\Windows\system32\msvcrt.dll
0x000007feffb70000 - 0x000007feffb8f000 	C:\Windows\SYSTEM32\sechost.dll
0x000007feff380000 - 0x000007feff4ad000 	C:\Windows\system32\RPCRT4.dll
0x0000000077300000 - 0x00000000773fa000 	C:\Windows\system32\USER32.dll
0x000007feff550000 - 0x000007feff5b7000 	C:\Windows\system32\GDI32.dll
0x000007fefe3d0000 - 0x000007fefe3de000 	C:\Windows\system32\LPK.dll
0x000007feff950000 - 0x000007feffa19000 	C:\Windows\system32\USP10.dll
0x000007fefc750000 - 0x000007fefc944000 	C:\Windows\WinSxS\amd64_microsoft.windows.common-controls_6595b64144ccf1df_6.0.7601.17514_none_fa396087175ac9ac\COMCTL32.dll
0x000007feffb90000 - 0x000007feffc01000 	C:\Windows\system32\SHLWAPI.dll
0x000007fefe260000 - 0x000007fefe28e000 	C:\Windows\system32\IMM32.DLL
0x000007feff5c0000 - 0x000007feff6c9000 	C:\Windows\system32\MSCTF.dll
0x000000006cb40000 - 0x000000006cc11000 	C:\Program Files\Java\jdk1.7.0_03\jre\bin\msvcr100.dll
0x0000000060d40000 - 0x000000006141a000 	C:\Program Files\Java\jdk1.7.0_03\jre\bin\server\jvm.dll
0x000007fef9fd0000 - 0x000007fef9fd9000 	C:\Windows\system32\WSOCK32.dll
0x000007fefe210000 - 0x000007fefe25d000 	C:\Windows\system32\WS2_32.dll
0x000007feffa20000 - 0x000007feffa28000 	C:\Windows\system32\NSI.dll
0x000007fefbc40000 - 0x000007fefbc7b000 	C:\Windows\system32\WINMM.dll
0x0000000077ba0000 - 0x0000000077ba7000 	C:\Windows\system32\PSAPI.DLL
0x0000000073cf0000 - 0x0000000073cff000 	C:\Program Files\Java\jdk1.7.0_03\jre\bin\verify.dll
0x000000006f0a0000 - 0x000000006f0c8000 	C:\Program Files\Java\jdk1.7.0_03\jre\bin\java.dll
0x00000000656e0000 - 0x0000000065715000 	C:\Program Files\Java\jdk1.7.0_03\jre\bin\jdwp.dll
0x000000006b040000 - 0x000000006b048000 	C:\Program Files\Java\jdk1.7.0_03\jre\bin\npt.dll
0x0000000071e60000 - 0x0000000071e75000 	C:\Program Files\Java\jdk1.7.0_03\jre\bin\zip.dll
0x0000000067720000 - 0x0000000067729000 	C:\Program Files\Java\jdk1.7.0_03\jre\bin\dt_socket.dll
0x000007fefd6b0000 - 0x000007fefd705000 	C:\Windows\system32\mswsock.dll
0x000007fefd050000 - 0x000007fefd057000 	C:\Windows\System32\wshtcpip.dll
0x000000006b940000 - 0x000000006bad4000 	C:\Program Files\Java\jdk1.7.0_03\jre\bin\awt.dll
0x000007feffc10000 - 0x000007feffce7000 	C:\Windows\system32\OLEAUT32.dll
0x000007fefe3e0000 - 0x000007fefe5e3000 	C:\Windows\system32\ole32.dll
0x000007fefc1a0000 - 0x000007fefc1b8000 	C:\Windows\system32\DWMAPI.DLL
0x000007fefc580000 - 0x000007fefc5d6000 	C:\Windows\system32\uxtheme.dll
0x000007fefdd70000 - 0x000007fefdd7f000 	C:\Windows\system32\CRYPTBASE.dll
0x000007fefe5f0000 - 0x000007feff378000 	C:\Windows\system32\SHELL32.dll
0x000007fef01a0000 - 0x000007fef039f000 	C:\Windows\system32\d3d9.dll
0x000007fefcf80000 - 0x000007fefcf8c000 	C:\Windows\system32\VERSION.dll
0x000007fef9120000 - 0x000007fef9127000 	C:\Windows\system32\d3d8thk.dll
0x000007fee6dc0000 - 0x000007fee7f40000 	C:\Windows\system32\nvd3dumx.dll
0x000007fefc9a0000 - 0x000007fefc9cc000 	C:\Windows\system32\powrprof.dll
0x000007feff770000 - 0x000007feff947000 	C:\Windows\system32\SETUPAPI.dll
0x000007fefe160000 - 0x000007fefe196000 	C:\Windows\system32\CFGMGR32.dll
0x000007fefdef0000 - 0x000007fefdf0a000 	C:\Windows\system32\DEVOBJ.dll
0x0000000180000000 - 0x0000000180116000 	C:\Program Files (x86)\NVIDIA Corporation\3D Vision\nvSCPAPI64.dll
0x000007fefb7b0000 - 0x000007fefb857000 	C:\Windows\system32\dxgi.dll
0x000000006ea30000 - 0x000000006ea49000 	C:\Program Files\Java\jdk1.7.0_03\jre\bin\net.dll
0x000007fefd6a0000 - 0x000007fefd6a7000 	C:\Windows\System32\wship6.dll
0x000000006e4e0000 - 0x000000006e4f1000 	C:\Program Files\Java\jdk1.7.0_03\jre\bin\nio.dll
0x000000006cb00000 - 0x000000006cb34000 	C:\Program Files\Java\jdk1.7.0_03\jre\bin\fontmanager.dll
0x000000006e2c0000 - 0x000000006e301000 	C:\Program Files\Java\jdk1.7.0_03\jre\bin\t2k.dll
0x000007feff4b0000 - 0x000007feff549000 	C:\Windows\system32\CLBCatQ.DLL
0x000007fefc030000 - 0x000007fefc15a000 	C:\Windows\system32\WindowsCodecs.dll
0x000007fefdd10000 - 0x000007fefdd67000 	C:\Windows\system32\apphelp.dll
0x000007fefcd30000 - 0x000007fefcd6c000 	C:\Users\Marcus\AppData\Local\Microsoft\SkyDrive\16.4.6010.0727\amd64\SkyDriveShell64.dll
0x000007fefbdf0000 - 0x000007fefbe97000 	C:\Users\Marcus\AppData\Local\Microsoft\SkyDrive\16.4.6010.0727\amd64\MSVCP110.dll
0x000007fef9cf0000 - 0x000007fef9dbe000 	C:\Users\Marcus\AppData\Local\Microsoft\SkyDrive\16.4.6010.0727\amd64\MSVCR110.dll
0x0000000077760000 - 0x00000000778bb000 	C:\Windows\system32\WININET.dll
0x0000000077bb0000 - 0x0000000077bb3000 	C:\Windows\system32\Normaliz.dll
0x0000000077400000 - 0x000000007760f000 	C:\Windows\system32\iertutil.dll
0x0000000077610000 - 0x000000007775d000 	C:\Windows\system32\urlmon.dll
0x000007fef8c30000 - 0x000007fef8e6b000 	C:\PROGRA~1\Microsoft Office\Office15\GROOVEEX.DLL
0x0000000071180000 - 0x0000000071218000 	C:\Windows\system32\MSVCP100.dll
0x0000000074260000 - 0x000000007428b000 	C:\Windows\system32\ATL100.DLL
0x000007fef7d00000 - 0x000007fef8017000 	C:\Windows\system32\msi.dll
0x000007fef71f0000 - 0x000007fef7829000 	C:\PROGRA~1\Microsoft Office\Office15\1033\GrooveIntlResource.dll
0x0000000074240000 - 0x0000000074256000 	C:\Program Files\Common Files\TortoiseOverlays\TortoiseOverlays.dll
0x0000000073de0000 - 0x0000000073e9b000 	C:\Program Files\TortoiseGit\bin\TortoiseGit.dll
0x000007fef8f00000 - 0x000007fef90ad000 	C:\Program Files\TortoiseGit\bin\gitdll.dll
0x000007fefccd0000 - 0x000007fefcce7000 	C:\Program Files\TortoiseGit\bin\zlib1.dll
0x0000000073d30000 - 0x0000000073dd3000 	C:\Windows\WinSxS\amd64_microsoft.vc90.crt_1fc8b3b9a1e18e3b_9.0.30729.6161_none_08e61857a83bc251\MSVCR90.dll
0x000007fefc2f0000 - 0x000007fefc35b000 	C:\Program Files\TortoiseGit\bin\libgit2.dll
0x000000006f830000 - 0x000000006f903000 	C:\Windows\WinSxS\amd64_microsoft.vc90.crt_1fc8b3b9a1e18e3b_9.0.30729.6161_none_08e61857a83bc251\MSVCP90.dll

VM Arguments:
jvm_args: -Xdebug -Xrunjdwp:transport=dt_socket,server=n,address=53681 
java_command: com.eskis.gis2.App
Launcher Type: SUN_STANDARD

Environment Variables:
JAVA_HOME=C:\Program Files\Java\jdk1.7.0_03
PATH=C:\Program Files (x86)\NVIDIA Corporation\PhysX\Common;C:\Program Files (x86)\Intel\iCLS Client\;C:\Program Files\Intel\iCLS Client\;C:\Windows\system32;C:\Windows;C:\Windows\System32\Wbem;C:\Windows\System32\WindowsPowerShell\v1.0\;c:\Program Files (x86)\Microsoft SQL Server\100\Tools\Binn\;c:\Program Files\Microsoft SQL Server\100\Tools\Binn\;c:\Program Files\Microsoft SQL Server\100\DTS\Binn\;C:\Program Files\TortoiseGit\bin;C:\Program Files (x86)\Calibre2\;C:\Program Files (x86)\Zend\MySQL55\bin;C:\mafft-win;C:\Dev-Cpp\bin
USERNAME=Marcus
OS=Windows_NT
PROCESSOR_IDENTIFIER=Intel64 Family 6 Model 42 Stepping 7, GenuineIntel



---------------  S Y S T E M  ---------------

OS: Windows 7 , 64 bit Build 7601 Service Pack 1

CPU:total 4 (4 cores per cpu, 1 threads per core) family 6 model 42 stepping 7, cmov, cx8, fxsr, mmx, sse, sse2, sse3, ssse3, sse4.1, sse4.2, popcnt

Memory: 4k page, physical 8371640k(3592488k free), swap 16741428k(10466388k free)

vm_info: Java HotSpot(TM) 64-Bit Server VM (22.1-b02) for windows-amd64 JRE (1.7.0_03-b05), built on Feb  3 2012 20:43:56 by "java_re" with unknown MS VC++:1600

time: Thu May 09 19:08:40 2013
elapsed time: 775 seconds

