#
# A fatal error has been detected by the Java Runtime Environment:
#
#  EXCEPTION_ACCESS_VIOLATION (0xc0000005) at pc=0x00000000026597a0, pid=3796, tid=9148
#
# JRE version: 7.0_03-b05
# Java VM: Java HotSpot(TM) 64-Bit Server VM (22.1-b02 mixed mode windows-amd64 compressed oops)
# Problematic frame:
# j  com.eskis.gis2.Analyser.Analyser.constructCities()V+79
#
# Failed to write core dump. Minidumps are not enabled by default on client versions of Windows
#
# If you would like to submit a bug report, please visit:
#   http://bugreport.sun.com/bugreport/crash.jsp
#

---------------  T H R E A D  ---------------

Current thread (0x000000000a808000):  JavaThread "AWT-EventQueue-0" [_thread_in_Java, id=9148, stack(0x000000000b060000,0x000000000b160000)]

siginfo: ExceptionCode=0xc0000005, reading address 0x000000077cdeb2f0

Registers:
RAX=0x0000000000000000, RBX=0x00000000000000b8, RCX=0x000000077cc56f10, RDX=0x0000000000032878
RSP=0x000000000b15d4f8, RBP=0x000000000b15d548, RSI=0x00000000ef718308, RDI=0x0000000001000020
R8 =0x0000000000000000, R9 =0x0000000000000000, R10=0x00000000613a3060, R11=0x00000000083486b0
R12=0x0000000000000000, R13=0x000000077cc54967, R14=0x000000000b15d598, R15=0x000000000a808000
RIP=0x00000000026597a0, EFLAGS=0x0000000000010206

Top of Stack: (sp=0x000000000b15d4f8)
0x000000000b15d4f8:   00000007d70de838 00000007d7965ef0
0x000000000b15d508:   000000000b15d508 000000077cc54967
0x000000000b15d518:   000000000b15d598 000000077cc56f10
0x000000000b15d528:   0000000000000000 000000077cc54a28
0x000000000b15d538:   0000000000000000 000000000b15d598
0x000000000b15d548:   000000000b15d5e0 00000000026360d8
0x000000000b15d558:   0000000000000000 0000000000000000
0x000000000b15d568:   0000000000000000 00000007d7965ef0
0x000000000b15d578:   00000007d78869f8 00000007d7877dc0
0x000000000b15d588:   00000007da754f78 00000007da55cf28
0x000000000b15d598:   00000007d7564a70 000000000b15d5a0
0x000000000b15d5a8:   000000077cc4f79d 000000000b15d5f8
0x000000000b15d5b8:   000000077cc56f10 0000000000000000
0x000000000b15d5c8:   000000077cc4f868 000000000b15d598
0x000000000b15d5d8:   000000000b15d5f8 000000000b15d640
0x000000000b15d5e8:   00000000026360d8 0000000000000000 

Instructions: (pc=0x00000000026597a0)
0x0000000002659780:   00 00 48 83 ec 10 48 89 04 24 e9 01 00 00 00 50
0x0000000002659790:   4c 89 6d c8 41 0f b7 55 01 48 8b 4d d8 c1 e2 02
0x00000000026597a0:   8b 5c d1 20 c1 eb 10 81 e3 ff 00 00 00 81 fb b8
0x00000000026597b0:   00 00 00 0f 84 40 01 00 00 bb b8 00 00 00 e8 05 


Register to memory mapping:

RAX=0x0000000000000000 is an unknown value
RBX=0x00000000000000b8 is an unknown value
RCX=0x000000077cc56f10 is an oop
{constant pool cache} 
 - klass: {other class}
RDX=0x0000000000032878 is an unknown value
RSP=0x000000000b15d4f8 is pointing into the stack for thread: 0x000000000a808000
RBP=0x000000000b15d548 is pointing into the stack for thread: 0x000000000a808000
RSI=0x00000000ef718308 is an unknown value
RDI=0x0000000001000020 is an unknown value
R8 =0x0000000000000000 is an unknown value
R9 =0x0000000000000000 is an unknown value
R10=0x00000000613a3060 is an unknown value
R11=0x00000000083486b0 is an unknown value
R12=0x0000000000000000 is an unknown value
R13=0x000000077cc54967 is an oop
{constMethod} 
 - klass: {other class}
 - method:       0x000000077cc54a28 {method} 'constructCities' '()V' in 'com/eskis/gis2/Analyser/Analyser'
 - exceptions:   0x000000077b201d40
bci_from(000000077CC54967) = 79; print_codes():
R14=0x000000000b15d598 is pointing into the stack for thread: 0x000000000a808000
R15=0x000000000a808000 is a thread


Stack: [0x000000000b060000,0x000000000b160000],  sp=0x000000000b15d4f8,  free space=1013k
Native frames: (J=compiled Java code, j=interpreted, Vv=VM code, C=native code)
j  com.eskis.gis2.Analyser.Analyser.constructCities()V+79
j  com.eskis.gis2.Analyser.Analyser.analyze()V+5
j  com.eskis.gis2.GUI.GUI.jButton1ActionPerformed(Ljava/awt/event/ActionEvent;)V+17
j  com.eskis.gis2.GUI.GUI.access$000(Lcom/eskis/gis2/GUI/GUI;Ljava/awt/event/ActionEvent;)V+2
j  com.eskis.gis2.GUI.GUI$1.actionPerformed(Ljava/awt/event/ActionEvent;)V+5
j  javax.swing.AbstractButton.fireActionPerformed(Ljava/awt/event/ActionEvent;)V+84
j  javax.swing.AbstractButton$Handler.actionPerformed(Ljava/awt/event/ActionEvent;)V+5
j  javax.swing.DefaultButtonModel.fireActionPerformed(Ljava/awt/event/ActionEvent;)V+35
j  javax.swing.DefaultButtonModel.setPressed(Z)V+117
j  javax.swing.plaf.basic.BasicButtonListener.mouseReleased(Ljava/awt/event/MouseEvent;)V+35
j  java.awt.Component.processMouseEvent(Ljava/awt/event/MouseEvent;)V+64
j  javax.swing.JComponent.processMouseEvent(Ljava/awt/event/MouseEvent;)V+23
j  java.awt.Component.processEvent(Ljava/awt/AWTEvent;)V+81
j  java.awt.Container.processEvent(Ljava/awt/AWTEvent;)V+18
j  java.awt.Component.dispatchEventImpl(Ljava/awt/AWTEvent;)V+581
j  java.awt.Container.dispatchEventImpl(Ljava/awt/AWTEvent;)V+42
j  java.awt.Component.dispatchEvent(Ljava/awt/AWTEvent;)V+2
j  java.awt.LightweightDispatcher.retargetMouseEvent(Ljava/awt/Component;ILjava/awt/event/MouseEvent;)V+327
j  java.awt.LightweightDispatcher.processMouseEvent(Ljava/awt/event/MouseEvent;)Z+139
j  java.awt.LightweightDispatcher.dispatchEvent(Ljava/awt/AWTEvent;)Z+50
j  java.awt.Container.dispatchEventImpl(Ljava/awt/AWTEvent;)V+12
j  java.awt.Window.dispatchEventImpl(Ljava/awt/AWTEvent;)V+19
j  java.awt.Component.dispatchEvent(Ljava/awt/AWTEvent;)V+2
j  java.awt.EventQueue.dispatchEventImpl(Ljava/awt/AWTEvent;Ljava/lang/Object;)V+41
j  java.awt.EventQueue.access$000(Ljava/awt/EventQueue;Ljava/awt/AWTEvent;Ljava/lang/Object;)V+3
j  java.awt.EventQueue$3.run()Ljava/lang/Void;+12
j  java.awt.EventQueue$3.run()Ljava/lang/Object;+1
v  ~StubRoutines::call_stub


---------------  P R O C E S S  ---------------

Java Threads: ( => current thread )
  0x000000000bc2d800 JavaThread "GT authority factory disposer" daemon [_thread_blocked, id=8400, stack(0x00000000089e0000,0x0000000008ae0000)]
  0x000000000bc2e000 JavaThread "TimerQueue" daemon [_thread_blocked, id=9032, stack(0x000000000e350000,0x000000000e450000)]
  0x000000000bc2f000 JavaThread "DestroyJavaVM" [_thread_blocked, id=1708, stack(0x0000000002530000,0x0000000002630000)]
  0x000000000b906800 JavaThread "Thread-3" daemon [_thread_blocked, id=8048, stack(0x000000000de20000,0x000000000df20000)]
  0x000000000adff800 JavaThread "WeakCollectionCleaner" daemon [_thread_blocked, id=8440, stack(0x000000000dc20000,0x000000000dd20000)]
  0x000000000b95e800 JavaThread "D3D Screen Updater" daemon [_thread_blocked, id=3152, stack(0x000000000d310000,0x000000000d410000)]
  0x000000000baf0800 JavaThread "pool-1-thread-1" [_thread_blocked, id=7848, stack(0x000000000d1d0000,0x000000000d2d0000)]
  0x000000000a920800 JavaThread "org.netbeans.modules.debugger.jpda.visual AWT Access Loop" daemon [_thread_blocked, id=8404, stack(0x000000000b240000,0x000000000b340000)]
=>0x000000000a808000 JavaThread "AWT-EventQueue-0" [_thread_in_Java, id=9148, stack(0x000000000b060000,0x000000000b160000)]
  0x0000000008365000 JavaThread "AWT-Windows" daemon [_thread_in_native, id=1740, stack(0x0000000008730000,0x0000000008830000)]
  0x00000000082fb000 JavaThread "AWT-Shutdown" [_thread_blocked, id=8112, stack(0x00000000085e0000,0x00000000086e0000)]
  0x00000000082fa800 JavaThread "Java2D Disposer" daemon [_thread_blocked, id=6676, stack(0x0000000006e10000,0x0000000006f10000)]
  0x0000000006660800 JavaThread "Service Thread" daemon [_thread_blocked, id=6520, stack(0x0000000007f50000,0x0000000008050000)]
  0x000000000665a000 JavaThread "C2 CompilerThread1" daemon [_thread_blocked, id=5680, stack(0x0000000007e20000,0x0000000007f20000)]
  0x0000000006658800 JavaThread "C2 CompilerThread0" daemon [_thread_blocked, id=7060, stack(0x0000000007c60000,0x0000000007d60000)]
  0x0000000006649800 JavaThread "JDWP Command Reader" daemon [_thread_in_native, id=6124, stack(0x0000000007ad0000,0x0000000007bd0000)]
  0x0000000006648800 JavaThread "JDWP Event Helper Thread" daemon [_thread_blocked, id=6140, stack(0x0000000007960000,0x0000000007a60000)]
  0x0000000006639000 JavaThread "JDWP Transport Listener: dt_socket" daemon [_thread_blocked, id=8552, stack(0x0000000007860000,0x0000000007960000)]
  0x0000000006630000 JavaThread "Attach Listener" daemon [_thread_blocked, id=648, stack(0x00000000072c0000,0x00000000073c0000)]
  0x000000000662b000 JavaThread "Signal Dispatcher" daemon [_thread_blocked, id=1936, stack(0x00000000071a0000,0x00000000072a0000)]
  0x0000000002287800 JavaThread "Finalizer" daemon [_thread_blocked, id=4136, stack(0x0000000006f70000,0x0000000007070000)]
  0x0000000002280800 JavaThread "Reference Handler" daemon [_thread_blocked, id=7036, stack(0x0000000006b80000,0x0000000006c80000)]

Other Threads:
  0x0000000002277000 VMThread [stack: 0x0000000006d10000,0x0000000006e10000] [id=8204]
  0x0000000006675800 WatcherThread [stack: 0x00000000076c0000,0x00000000077c0000] [id=1876]

VM state:not at safepoint (normal execution)

VM Mutex/Monitor currently owned by a thread: None

Heap
 PSYoungGen      total 77056K, used 41500K [0x00000007d56b0000, 0x00000007dadd0000, 0x0000000800000000)
  eden space 65408K, 54% used [0x00000007d56b0000,0x00000007d79cbae0,0x00000007d9690000)
  from space 11648K, 47% used [0x00000007da270000,0x00000007da7db7b8,0x00000007dadd0000)
  to   space 11904K, 0% used [0x00000007d9690000,0x00000007d9690000,0x00000007da230000)
 PSOldGen        total 87232K, used 10851K [0x0000000780400000, 0x0000000785930000, 0x00000007d56b0000)
  object space 87232K, 12% used [0x0000000780400000,0x0000000780e98e60,0x0000000785930000)
 PSPermGen       total 27200K, used 27128K [0x000000077b200000, 0x000000077cc90000, 0x0000000780400000)
  object space 27200K, 99% used [0x000000077b200000,0x000000077cc7e100,0x000000077cc90000)

Code Cache  [0x0000000002630000, 0x00000000028a0000, 0x0000000005630000)
 total_blobs=1180 nmethods=608 adapters=532 free_code_cache=46875Kb largest_free_block=47922432

Dynamic libraries:
0x000000013f940000 - 0x000000013f973000 	C:\Program Files\Java\jdk1.7.0_03\bin\java.exe
0x00000000779e0000 - 0x0000000077b89000 	C:\Windows\SYSTEM32\ntdll.dll
0x00000000778c0000 - 0x00000000779df000 	C:\Windows\system32\kernel32.dll
0x000007fefe1a0000 - 0x000007fefe20c000 	C:\Windows\system32\KERNELBASE.dll
0x000007feffa90000 - 0x000007feffb6b000 	C:\Windows\system32\ADVAPI32.dll
0x000007fefe2b0000 - 0x000007fefe34f000 	C:\Windows\system32\msvcrt.dll
0x000007feffb70000 - 0x000007feffb8f000 	C:\Windows\SYSTEM32\sechost.dll
0x000007feff380000 - 0x000007feff4ad000 	C:\Windows\system32\RPCRT4.dll
0x0000000077300000 - 0x00000000773fa000 	C:\Windows\system32\USER32.dll
0x000007feff550000 - 0x000007feff5b7000 	C:\Windows\system32\GDI32.dll
0x000007fefe3d0000 - 0x000007fefe3de000 	C:\Windows\system32\LPK.dll
0x000007feff950000 - 0x000007feffa19000 	C:\Windows\system32\USP10.dll
0x000007fefc750000 - 0x000007fefc944000 	C:\Windows\WinSxS\amd64_microsoft.windows.common-controls_6595b64144ccf1df_6.0.7601.17514_none_fa396087175ac9ac\COMCTL32.dll
0x000007feffb90000 - 0x000007feffc01000 	C:\Windows\system32\SHLWAPI.dll
0x000007fefe260000 - 0x000007fefe28e000 	C:\Windows\system32\IMM32.DLL
0x000007feff5c0000 - 0x000007feff6c9000 	C:\Windows\system32\MSCTF.dll
0x000000006cb40000 - 0x000000006cc11000 	C:\Program Files\Java\jdk1.7.0_03\jre\bin\msvcr100.dll
0x0000000060d40000 - 0x000000006141a000 	C:\Program Files\Java\jdk1.7.0_03\jre\bin\server\jvm.dll
0x000007fef9fd0000 - 0x000007fef9fd9000 	C:\Windows\system32\WSOCK32.dll
0x000007fefe210000 - 0x000007fefe25d000 	C:\Windows\system32\WS2_32.dll
0x000007feffa20000 - 0x000007feffa28000 	C:\Windows\system32\NSI.dll
0x000007fefbc40000 - 0x000007fefbc7b000 	C:\Windows\system32\WINMM.dll
0x0000000077ba0000 - 0x0000000077ba7000 	C:\Windows\system32\PSAPI.DLL
0x0000000073cf0000 - 0x0000000073cff000 	C:\Program Files\Java\jdk1.7.0_03\jre\bin\verify.dll
0x000000006f0a0000 - 0x000000006f0c8000 	C:\Program Files\Java\jdk1.7.0_03\jre\bin\java.dll
0x000000006dcf0000 - 0x000000006dd25000 	C:\Program Files\Java\jdk1.7.0_03\jre\bin\jdwp.dll
0x000000006e550000 - 0x000000006e558000 	C:\Program Files\Java\jdk1.7.0_03\jre\bin\npt.dll
0x0000000071e60000 - 0x0000000071e75000 	C:\Program Files\Java\jdk1.7.0_03\jre\bin\zip.dll
0x000000006e540000 - 0x000000006e549000 	C:\Program Files\Java\jdk1.7.0_03\jre\bin\dt_socket.dll
0x000007fefd6b0000 - 0x000007fefd705000 	C:\Windows\system32\mswsock.dll
0x000007fefd050000 - 0x000007fefd057000 	C:\Windows\System32\wshtcpip.dll
0x000000006b940000 - 0x000000006bad4000 	C:\Program Files\Java\jdk1.7.0_03\jre\bin\awt.dll
0x000007feffc10000 - 0x000007feffce7000 	C:\Windows\system32\OLEAUT32.dll
0x000007fefe3e0000 - 0x000007fefe5e3000 	C:\Windows\system32\ole32.dll
0x000007fefc1a0000 - 0x000007fefc1b8000 	C:\Windows\system32\DWMAPI.DLL
0x000007fefc580000 - 0x000007fefc5d6000 	C:\Windows\system32\uxtheme.dll
0x000007fefdd70000 - 0x000007fefdd7f000 	C:\Windows\system32\CRYPTBASE.dll
0x000007fefe5f0000 - 0x000007feff378000 	C:\Windows\system32\SHELL32.dll
0x000007fef01a0000 - 0x000007fef039f000 	C:\Windows\system32\d3d9.dll
0x000007fefcf80000 - 0x000007fefcf8c000 	C:\Windows\system32\VERSION.dll
0x000007fef9120000 - 0x000007fef9127000 	C:\Windows\system32\d3d8thk.dll
0x000007fee52e0000 - 0x000007fee6460000 	C:\Windows\system32\nvd3dumx.dll
0x000007fefc9a0000 - 0x000007fefc9cc000 	C:\Windows\system32\powrprof.dll
0x000007feff770000 - 0x000007feff947000 	C:\Windows\system32\SETUPAPI.dll
0x000007fefe160000 - 0x000007fefe196000 	C:\Windows\system32\CFGMGR32.dll
0x000007fefdef0000 - 0x000007fefdf0a000 	C:\Windows\system32\DEVOBJ.dll
0x0000000180000000 - 0x0000000180116000 	C:\Program Files (x86)\NVIDIA Corporation\3D Vision\nvSCPAPI64.dll
0x000007fefb7b0000 - 0x000007fefb857000 	C:\Windows\system32\dxgi.dll
0x000000006ea30000 - 0x000000006ea49000 	C:\Program Files\Java\jdk1.7.0_03\jre\bin\net.dll
0x000007fefd6a0000 - 0x000007fefd6a7000 	C:\Windows\System32\wship6.dll
0x000000006e4e0000 - 0x000000006e4f1000 	C:\Program Files\Java\jdk1.7.0_03\jre\bin\nio.dll
0x000000006cb00000 - 0x000000006cb34000 	C:\Program Files\Java\jdk1.7.0_03\jre\bin\fontmanager.dll
0x000000006e2c0000 - 0x000000006e301000 	C:\Program Files\Java\jdk1.7.0_03\jre\bin\t2k.dll
0x000007feff4b0000 - 0x000007feff549000 	C:\Windows\system32\CLBCatQ.DLL
0x000007fefc030000 - 0x000007fefc15a000 	C:\Windows\system32\WindowsCodecs.dll
0x000007fefdd10000 - 0x000007fefdd67000 	C:\Windows\system32\apphelp.dll
0x000007fefcd30000 - 0x000007fefcd6c000 	C:\Users\Marcus\AppData\Local\Microsoft\SkyDrive\16.4.6010.0727\amd64\SkyDriveShell64.dll
0x000007fefbdf0000 - 0x000007fefbe97000 	C:\Users\Marcus\AppData\Local\Microsoft\SkyDrive\16.4.6010.0727\amd64\MSVCP110.dll
0x000007fef9cf0000 - 0x000007fef9dbe000 	C:\Users\Marcus\AppData\Local\Microsoft\SkyDrive\16.4.6010.0727\amd64\MSVCR110.dll
0x0000000077760000 - 0x00000000778bb000 	C:\Windows\system32\WININET.dll
0x0000000077bb0000 - 0x0000000077bb3000 	C:\Windows\system32\Normaliz.dll
0x0000000077400000 - 0x000000007760f000 	C:\Windows\system32\iertutil.dll
0x0000000077610000 - 0x000000007775d000 	C:\Windows\system32\urlmon.dll
0x000007fef8c30000 - 0x000007fef8e6b000 	C:\PROGRA~1\Microsoft Office\Office15\GROOVEEX.DLL
0x0000000071180000 - 0x0000000071218000 	C:\Windows\system32\MSVCP100.dll
0x0000000074260000 - 0x000000007428b000 	C:\Windows\system32\ATL100.DLL
0x000007fef7d00000 - 0x000007fef8017000 	C:\Windows\system32\msi.dll
0x000007fef71f0000 - 0x000007fef7829000 	C:\PROGRA~1\Microsoft Office\Office15\1033\GrooveIntlResource.dll
0x0000000074240000 - 0x0000000074256000 	C:\Program Files\Common Files\TortoiseOverlays\TortoiseOverlays.dll
0x0000000073de0000 - 0x0000000073e9b000 	C:\Program Files\TortoiseGit\bin\TortoiseGit.dll
0x000007fef8f00000 - 0x000007fef90ad000 	C:\Program Files\TortoiseGit\bin\gitdll.dll
0x000007fefccd0000 - 0x000007fefcce7000 	C:\Program Files\TortoiseGit\bin\zlib1.dll
0x0000000073d30000 - 0x0000000073dd3000 	C:\Windows\WinSxS\amd64_microsoft.vc90.crt_1fc8b3b9a1e18e3b_9.0.30729.6161_none_08e61857a83bc251\MSVCR90.dll
0x000007fefc2f0000 - 0x000007fefc35b000 	C:\Program Files\TortoiseGit\bin\libgit2.dll
0x000000006f830000 - 0x000000006f903000 	C:\Windows\WinSxS\amd64_microsoft.vc90.crt_1fc8b3b9a1e18e3b_9.0.30729.6161_none_08e61857a83bc251\MSVCP90.dll

VM Arguments:
jvm_args: -Xdebug -Xrunjdwp:transport=dt_socket,server=n,address=55530 
java_command: com.eskis.gis2.App
Launcher Type: SUN_STANDARD

Environment Variables:
JAVA_HOME=C:\Program Files\Java\jdk1.7.0_03
PATH=C:\Program Files (x86)\NVIDIA Corporation\PhysX\Common;C:\Program Files (x86)\Intel\iCLS Client\;C:\Program Files\Intel\iCLS Client\;C:\Windows\system32;C:\Windows;C:\Windows\System32\Wbem;C:\Windows\System32\WindowsPowerShell\v1.0\;c:\Program Files (x86)\Microsoft SQL Server\100\Tools\Binn\;c:\Program Files\Microsoft SQL Server\100\Tools\Binn\;c:\Program Files\Microsoft SQL Server\100\DTS\Binn\;C:\Program Files\TortoiseGit\bin;C:\Program Files (x86)\Calibre2\;C:\Program Files (x86)\Zend\MySQL55\bin;C:\mafft-win;C:\Dev-Cpp\bin
USERNAME=Marcus
OS=Windows_NT
PROCESSOR_IDENTIFIER=Intel64 Family 6 Model 42 Stepping 7, GenuineIntel



---------------  S Y S T E M  ---------------

OS: Windows 7 , 64 bit Build 7601 Service Pack 1

CPU:total 4 (4 cores per cpu, 1 threads per core) family 6 model 42 stepping 7, cmov, cx8, fxsr, mmx, sse, sse2, sse3, ssse3, sse4.1, sse4.2, popcnt

Memory: 4k page, physical 8371640k(4038612k free), swap 16741428k(10867964k free)

vm_info: Java HotSpot(TM) 64-Bit Server VM (22.1-b02) for windows-amd64 JRE (1.7.0_03-b05), built on Feb  3 2012 20:43:56 by "java_re" with unknown MS VC++:1600

time: Thu May 09 19:43:04 2013
elapsed time: 143 seconds

